{"numFailedTestSuites":0,"numFailedTests":0,"numPassedTestSuites":2,"numPassedTests":2,"numPendingTestSuites":0,"numPendingTests":0,"numRuntimeErrorTestSuites":0,"numTodoTests":0,"numTotalTestSuites":2,"numTotalTests":2,"openHandles":[],"snapshot":{"added":1,"didUpdate":false,"failure":false,"filesAdded":1,"filesRemoved":0,"filesRemovedList":[],"filesUnmatched":0,"filesUpdated":0,"matched":0,"total":1,"unchecked":0,"uncheckedKeysByFile":[],"unmatched":0,"updated":0},"startTime":1574770677786,"success":true,"testResults":[{"assertionResults":[{"ancestorTitles":[],"failureMessages":[],"fullName":"adds 1 + 2 to equal 3","location":null,"status":"passed","title":"adds 1 + 2 to equal 3"}],"endTime":1574770681206,"message":"","name":"/Users/konstantinmalutin/Downloads/projects/build-tmp/src/__tests__/sum.test.ts","startTime":1574770679840,"status":"passed","summary":""},{"assertionResults":[{"ancestorTitles":[],"failureMessages":[],"fullName":"button renders correctly","location":null,"status":"passed","title":"button renders correctly"}],"endTime":1574770683639,"message":"","name":"/Users/konstantinmalutin/Downloads/projects/build-tmp/src/ui/components/button/button.test.tsx","startTime":1574770679840,"status":"passed","summary":""}],"wasInterrupted":false}